gradleBuild/outputs/logs/manifest-merger-debug-report.txt
-- Merging decision tree log ---
manifest
ADDED from LearnigObjectsForKids\LearnigObjectsForKids\AndroidManifest.xml:18:1-79:12
INJECTED from LearnigObjectsForKids\LearnigObjectsForKids\AndroidManifest.xml:18:1-79:12
INJECTED from LearnigObjectsForKids\LearnigObjectsForKids\AndroidManifest.xml:18:1-79:12
INJECTED from LearnigObjectsForKids\LearnigObjectsForKids\AndroidManifest.xml:18:1-79:12
MERGED from [org.tensorflow:tensorflow-android:1.13.1] AndroidManifest.xml:2:1-8:12
INJECTED from LearnigObjectsForKids\LearnigObjectsForKids\AndroidManifest.xml:18:1-79:12
INJECTED from LearnigObjectsForKids\LearnigObjectsForKids\AndroidManifest.xml:18:1-79:12
INJECTED from LearnigObjectsForKids\LearnigObjectsForKids\AndroidManifest.xml:18:1-79:12
	package
		ADDED from LearnigObjectsForKids\LearnigObjectsForKids\AndroidManifest.xml:19:5-34
		INJECTED from LearnigObjectsForKids\LearnigObjectsForKids\AndroidManifest.xml
		INJECTED from LearnigObjectsForKids\LearnigObjectsForKids\AndroidManifest.xml
	android:versionName
		INJECTED from LearnigObjectsForKids\LearnigObjectsForKids\AndroidManifest.xml
		ADDED from LearnigObjectsForKids\LearnigObjectsForKids\AndroidManifest.xml:18:1-79:12
		INJECTED from LearnigObjectsForKids\LearnigObjectsForKids\AndroidManifest.xml
	android:versionCode
		INJECTED from LearnigObjectsForKids\LearnigObjectsForKids\AndroidManifest.xml
		ADDED from LearnigObjectsForKids\LearnigObjectsForKids\AndroidManifest.xml:18:1-79:12
		INJECTED from LearnigObjectsForKids\LearnigObjectsForKids\AndroidManifest.xml
	xmlns:android
		ADDED from LearnigObjectsForKids\LearnigObjectsForKids\AndroidManifest.xml:18:11-69
uses-permission#android.permission.CAMERA
ADDED from LearnigObjectsForKids\LearnigObjectsForKids\AndroidManifest.xml:21:5-65
	android:name
		ADDED from LearnigObjectsForKids\LearnigObjectsForKids\AndroidManifest.xml:21:22-62
uses-feature#android.hardware.camera
ADDED from LearnigObjectsForKids\LearnigObjectsForKids\AndroidManifest.xml:22:5-60
	android:name
		ADDED from LearnigObjectsForKids\LearnigObjectsForKids\AndroidManifest.xml:22:19-57
uses-feature#android.hardware.camera.autofocus
ADDED from LearnigObjectsForKids\LearnigObjectsForKids\AndroidManifest.xml:23:5-70
	android:name
		ADDED from LearnigObjectsForKids\LearnigObjectsForKids\AndroidManifest.xml:23:19-67
uses-sdk
ADDED from LearnigObjectsForKids\LearnigObjectsForKids\AndroidManifest.xml:26:5-28:41
INJECTED from LearnigObjectsForKids\LearnigObjectsForKids\AndroidManifest.xml:26:5-28:41
INJECTED from LearnigObjectsForKids\LearnigObjectsForKids\AndroidManifest.xml:26:5-28:41
INJECTED from LearnigObjectsForKids\LearnigObjectsForKids\AndroidManifest.xml:26:5-28:41
INJECTED from LearnigObjectsForKids\LearnigObjectsForKids\AndroidManifest.xml:26:5-28:41
	android:targetSdkVersion
		ADDED from LearnigObjectsForKids\LearnigObjectsForKids\AndroidManifest.xml:28:9-38
		INJECTED from LearnigObjectsForKids\LearnigObjectsForKids\AndroidManifest.xml
		INJECTED from LearnigObjectsForKids\LearnigObjectsForKids\AndroidManifest.xml
	android:minSdkVersion
		ADDED from LearnigObjectsForKids\LearnigObjectsForKids\AndroidManifest.xml:27:9-35
		INJECTED from LearnigObjectsForKids\LearnigObjectsForKids\AndroidManifest.xml
		INJECTED from LearnigObjectsForKids\LearnigObjectsForKids\AndroidManifest.xml
application
ADDED from LearnigObjectsForKids\LearnigObjectsForKids\AndroidManifest.xml:30:5-77:19
MERGED from [org.tensorflow:tensorflow-android:1.13.1] AndroidManifest.xml:5:5-6:19
MERGED from [org.tensorflow:tensorflow-android:1.13.1] AndroidManifest.xml:5:5-6:19
	android:supportsRtl
		ADDED from LearnigObjectsForKids\LearnigObjectsForKids\AndroidManifest.xml:33:9-35
	android:label
		ADDED from LearnigObjectsForKids\LearnigObjectsForKids\AndroidManifest.xml:34:9-28
	android:noHistory
		ADDED from LearnigObjectsForKids\LearnigObjectsForKids\AndroidManifest.xml:36:9-34
	android:largeHeap
		ADDED from LearnigObjectsForKids\LearnigObjectsForKids\AndroidManifest.xml:32:9-33
	android:icon
		ADDED from LearnigObjectsForKids\LearnigObjectsForKids\AndroidManifest.xml:35:9-38
	android:allowBackup
		ADDED from LearnigObjectsForKids\LearnigObjectsForKids\AndroidManifest.xml:31:9-35
	android:theme
		ADDED from LearnigObjectsForKids\LearnigObjectsForKids\AndroidManifest.xml:37:9-45
activity#org.tensorflow.demo.MainActivity
ADDED from LearnigObjectsForKids\LearnigObjectsForKids\AndroidManifest.xml:48:9-56:16
	android:screenOrientation
		ADDED from LearnigObjectsForKids\LearnigObjectsForKids\AndroidManifest.xml:49:9-45
	android:name
		ADDED from LearnigObjectsForKids\LearnigObjectsForKids\AndroidManifest.xml:48:19-66
intent-filter#android.intent.action.MAIN+android.intent.category.LAUNCHER
ADDED from LearnigObjectsForKids\LearnigObjectsForKids\AndroidManifest.xml:52:9-55:25
action#android.intent.action.MAIN
ADDED from LearnigObjectsForKids\LearnigObjectsForKids\AndroidManifest.xml:53:13-65
	android:name
		ADDED from LearnigObjectsForKids\LearnigObjectsForKids\AndroidManifest.xml:53:21-62
category#android.intent.category.LAUNCHER
ADDED from LearnigObjectsForKids\LearnigObjectsForKids\AndroidManifest.xml:54:13-73
	android:name
		ADDED from LearnigObjectsForKids\LearnigObjectsForKids\AndroidManifest.xml:54:23-70
activity#org.tensorflow.demo.DetectorActivity
ADDED from LearnigObjectsForKids\LearnigObjectsForKids\AndroidManifest.xml:58:9-119
	android:screenOrientation
		ADDED from LearnigObjectsForKids\LearnigObjectsForKids\AndroidManifest.xml:58:71-107
	android:name
		ADDED from LearnigObjectsForKids\LearnigObjectsForKids\AndroidManifest.xml:58:19-70
uses-permission#android.permission.WRITE_EXTERNAL_STORAGE
IMPLIED from LearnigObjectsForKids\LearnigObjectsForKids\AndroidManifest.xml:18:1-79:12 reason: tensorflow.contrib.android has a targetSdkVersion < 4
uses-permission#android.permission.READ_PHONE_STATE
IMPLIED from LearnigObjectsForKids\LearnigObjectsForKids\AndroidManifest.xml:18:1-79:12 reason: tensorflow.contrib.android has a targetSdkVersion < 4
uses-permission#android.permission.READ_EXTERNAL_STORAGE
IMPLIED from LearnigObjectsForKids\LearnigObjectsForKids\AndroidManifest.xml:18:1-79:12 reason: tensorflow.contrib.android requested WRITE_EXTERNAL_STORAGE